Build started 9/14/2021 2:58:18 PM.
Logging verbosity is set to: Normal.     1>Project "C:\Users\edwar\OneDrive\Documents\GitHub\tetrino\TetgenWrapper\TetgenWrapper.vcxproj" on node 2 (Build target(s)).
     1>InitializeBuildStatus:
         Touching "C:\Users\edwar\OneDrive\Documents\GitHub\tetrino\intermediate\TetgenWrapper.tlog\unsuccessfulbuild".
       ClCompile:
         C:\Program Files (x86)\Microsoft Visual Studio\2019\Community\VC\Tools\MSVC\14.28.29333\bin\HostX86\x64\CL.exe /c /Zi /nologo /W3 /WX- /diagnostics:column /sdl /O2 /Oi /GL /D _WINDLL /D _UNICODE /D UNICODE /Gm- /EHsc /MD /GS /Gy /fp:precise /Zc:wchar_t /Zc:forScope /Zc:inline /Fo"C:\Users\edwar\OneDrive\Documents\GitHub\tetrino\intermediate\\" /Fd"C:\Users\edwar\OneDrive\Documents\GitHub\tetrino\intermediate\vc142.pdb" /Gd /TP /FC /errorReport:prompt Wrapper.cpp
         Wrapper.cpp
     1>C:\Users\edwar\OneDrive\Documents\GitHub\tetrino\TetgenWrapper\Wrapper.h(24,10): fatal error C1083: Cannot open include file: 'tetgen.h': No such file or directory
     1>Done Building Project "C:\Users\edwar\OneDrive\Documents\GitHub\tetrino\TetgenWrapper\TetgenWrapper.vcxproj" (Build target(s)) -- FAILED.

Build FAILED.

       "C:\Users\edwar\OneDrive\Documents\GitHub\tetrino\TetgenWrapper\TetgenWrapper.vcxproj" (Build target) (1) ->
       (ClCompile target) -> 
         C:\Users\edwar\OneDrive\Documents\GitHub\tetrino\TetgenWrapper\Wrapper.h(24,10): fatal error C1083: Cannot open include file: 'tetgen.h': No such file or directory

    0 Warning(s)
    1 Error(s)

Time Elapsed 00:00:00.19
